[2016-10-04 04:54:58] local.ERROR: exception 'Symfony\Component\HttpKernel\Exception\NotFoundHttpException' in /var/www/html/quickmerch/vendor/laravel/framework/src/Illuminate/Routing/RouteCollection.php:145
Stack trace:
#0 /var/www/html/quickmerch/vendor/laravel/framework/src/Illuminate/Routing/Router.php(729): Illuminate\Routing\RouteCollection->match(Object(Illuminate\Http\Request))
#1 /var/www/html/quickmerch/vendor/laravel/framework/src/Illuminate/Routing/Router.php(652): Illuminate\Routing\Router->findRoute(Object(Illuminate\Http\Request))
#2 /var/www/html/quickmerch/vendor/laravel/framework/src/Illuminate/Routing/Router.php(628): Illuminate\Routing\Router->dispatchToRoute(Object(Illuminate\Http\Request))
#3 /var/www/html/quickmerch/vendor/laravel/framework/src/Illuminate/Foundation/Http/Kernel.php(214): Illuminate\Routing\Router->dispatch(Object(Illuminate\Http\Request))
#4 [internal function]: Illuminate\Foundation\Http\Kernel->Illuminate\Foundation\Http\{closure}(Object(Illuminate\Http\Request))
#5 /var/www/html/quickmerch/vendor/laravel/framework/src/Illuminate/Pipeline/Pipeline.php(141): call_user_func(Object(Closure), Object(Illuminate\Http\Request))
#6 /var/www/html/quickmerch/vendor/laravel/framework/src/Illuminate/View/Middleware/ShareErrorsFromSession.php(55): Illuminate\Pipeline\Pipeline->Illuminate\Pipeline\{closure}(Object(Illuminate\Http\Request))
#7 /var/www/html/quickmerch/vendor/laravel/framework/src/Illuminate/Pipeline/Pipeline.php(125): Illuminate\View\Middleware\ShareErrorsFromSession->handle(Object(Illuminate\Http\Request), Object(Closure))
#8 /var/www/html/quickmerch/vendor/laravel/framework/src/Illuminate/Session/Middleware/StartSession.php(61): Illuminate\Pipeline\Pipeline->Illuminate\Pipeline\{closure}(Object(Illuminate\Http\Request))
#9 /var/www/html/quickmerch/vendor/laravel/framework/src/Illuminate/Pipeline/Pipeline.php(125): Illuminate\Session\Middleware\StartSession->handle(Object(Illuminate\Http\Request), Object(Closure))
#10 /var/www/html/quickmerch/vendor/laravel/framework/src/Illuminate/Cookie/Middleware/AddQueuedCookiesToResponse.php(36): Illuminate\Pipeline\Pipeline->Illuminate\Pipeline\{closure}(Object(Illuminate\Http\Request))
#11 /var/www/html/quickmerch/vendor/laravel/framework/src/Illuminate/Pipeline/Pipeline.php(125): Illuminate\Cookie\Middleware\AddQueuedCookiesToResponse->handle(Object(Illuminate\Http\Request), Object(Closure))
#12 /var/www/html/quickmerch/vendor/laravel/framework/src/Illuminate/Cookie/Middleware/EncryptCookies.php(40): Illuminate\Pipeline\Pipeline->Illuminate\Pipeline\{closure}(Object(Illuminate\Http\Request))
#13 /var/www/html/quickmerch/vendor/laravel/framework/src/Illuminate/Pipeline/Pipeline.php(125): Illuminate\Cookie\Middleware\EncryptCookies->handle(Object(Illuminate\Http\Request), Object(Closure))
#14 /var/www/html/quickmerch/vendor/laravel/framework/src/Illuminate/Foundation/Http/Middleware/CheckForMaintenanceMode.php(42): Illuminate\Pipeline\Pipeline->Illuminate\Pipeline\{closure}(Object(Illuminate\Http\Request))
#15 /var/www/html/quickmerch/vendor/laravel/framework/src/Illuminate/Pipeline/Pipeline.php(125): Illuminate\Foundation\Http\Middleware\CheckForMaintenanceMode->handle(Object(Illuminate\Http\Request), Object(Closure))
#16 [internal function]: Illuminate\Pipeline\Pipeline->Illuminate\Pipeline\{closure}(Object(Illuminate\Http\Request))
#17 /var/www/html/quickmerch/vendor/laravel/framework/src/Illuminate/Pipeline/Pipeline.php(101): call_user_func(Object(Closure), Object(Illuminate\Http\Request))
#18 /var/www/html/quickmerch/vendor/laravel/framework/src/Illuminate/Foundation/Http/Kernel.php(115): Illuminate\Pipeline\Pipeline->then(Object(Closure))
#19 /var/www/html/quickmerch/vendor/laravel/framework/src/Illuminate/Foundation/Http/Kernel.php(84): Illuminate\Foundation\Http\Kernel->sendRequestThroughRouter(Object(Illuminate\Http\Request))
#20 /var/www/html/quickmerch/public/index.php(54): Illuminate\Foundation\Http\Kernel->handle(Object(Illuminate\Http\Request))
#21 {main}  
[2016-10-04 04:54:58] local.ERROR: exception 'Symfony\Component\HttpKernel\Exception\NotFoundHttpException' in /var/www/html/quickmerch/vendor/laravel/framework/src/Illuminate/Routing/RouteCollection.php:145
Stack trace:
#0 /var/www/html/quickmerch/vendor/laravel/framework/src/Illuminate/Routing/Router.php(729): Illuminate\Routing\RouteCollection->match(Object(Illuminate\Http\Request))
#1 /var/www/html/quickmerch/vendor/laravel/framework/src/Illuminate/Routing/Router.php(652): Illuminate\Routing\Router->findRoute(Object(Illuminate\Http\Request))
#2 /var/www/html/quickmerch/vendor/laravel/framework/src/Illuminate/Routing/Router.php(628): Illuminate\Routing\Router->dispatchToRoute(Object(Illuminate\Http\Request))
#3 /var/www/html/quickmerch/vendor/laravel/framework/src/Illuminate/Foundation/Http/Kernel.php(214): Illuminate\Routing\Router->dispatch(Object(Illuminate\Http\Request))
#4 [internal function]: Illuminate\Foundation\Http\Kernel->Illuminate\Foundation\Http\{closure}(Object(Illuminate\Http\Request))
#5 /var/www/html/quickmerch/vendor/laravel/framework/src/Illuminate/Pipeline/Pipeline.php(141): call_user_func(Object(Closure), Object(Illuminate\Http\Request))
#6 /var/www/html/quickmerch/vendor/laravel/framework/src/Illuminate/View/Middleware/ShareErrorsFromSession.php(55): Illuminate\Pipeline\Pipeline->Illuminate\Pipeline\{closure}(Object(Illuminate\Http\Request))
#7 /var/www/html/quickmerch/vendor/laravel/framework/src/Illuminate/Pipeline/Pipeline.php(125): Illuminate\View\Middleware\ShareErrorsFromSession->handle(Object(Illuminate\Http\Request), Object(Closure))
#8 /var/www/html/quickmerch/vendor/laravel/framework/src/Illuminate/Session/Middleware/StartSession.php(61): Illuminate\Pipeline\Pipeline->Illuminate\Pipeline\{closure}(Object(Illuminate\Http\Request))
#9 /var/www/html/quickmerch/vendor/laravel/framework/src/Illuminate/Pipeline/Pipeline.php(125): Illuminate\Session\Middleware\StartSession->handle(Object(Illuminate\Http\Request), Object(Closure))
#10 /var/www/html/quickmerch/vendor/laravel/framework/src/Illuminate/Cookie/Middleware/AddQueuedCookiesToResponse.php(36): Illuminate\Pipeline\Pipeline->Illuminate\Pipeline\{closure}(Object(Illuminate\Http\Request))
#11 /var/www/html/quickmerch/vendor/laravel/framework/src/Illuminate/Pipeline/Pipeline.php(125): Illuminate\Cookie\Middleware\AddQueuedCookiesToResponse->handle(Object(Illuminate\Http\Request), Object(Closure))
#12 /var/www/html/quickmerch/vendor/laravel/framework/src/Illuminate/Cookie/Middleware/EncryptCookies.php(40): Illuminate\Pipeline\Pipeline->Illuminate\Pipeline\{closure}(Object(Illuminate\Http\Request))
#13 /var/www/html/quickmerch/vendor/laravel/framework/src/Illuminate/Pipeline/Pipeline.php(125): Illuminate\Cookie\Middleware\EncryptCookies->handle(Object(Illuminate\Http\Request), Object(Closure))
#14 /var/www/html/quickmerch/vendor/laravel/framework/src/Illuminate/Foundation/Http/Middleware/CheckForMaintenanceMode.php(42): Illuminate\Pipeline\Pipeline->Illuminate\Pipeline\{closure}(Object(Illuminate\Http\Request))
#15 /var/www/html/quickmerch/vendor/laravel/framework/src/Illuminate/Pipeline/Pipeline.php(125): Illuminate\Foundation\Http\Middleware\CheckForMaintenanceMode->handle(Object(Illuminate\Http\Request), Object(Closure))
#16 [internal function]: Illuminate\Pipeline\Pipeline->Illuminate\Pipeline\{closure}(Object(Illuminate\Http\Request))
#17 /var/www/html/quickmerch/vendor/laravel/framework/src/Illuminate/Pipeline/Pipeline.php(101): call_user_func(Object(Closure), Object(Illuminate\Http\Request))
#18 /var/www/html/quickmerch/vendor/laravel/framework/src/Illuminate/Foundation/Http/Kernel.php(115): Illuminate\Pipeline\Pipeline->then(Object(Closure))
#19 /var/www/html/quickmerch/vendor/laravel/framework/src/Illuminate/Foundation/Http/Kernel.php(84): Illuminate\Foundation\Http\Kernel->sendRequestThroughRouter(Object(Illuminate\Http\Request))
#20 /var/www/html/quickmerch/public/index.php(54): Illuminate\Foundation\Http\Kernel->handle(Object(Illuminate\Http\Request))
#21 {main}  
[2016-10-04 06:37:06] local.ERROR: exception 'Symfony\Component\HttpKernel\Exception\NotFoundHttpException' in /var/www/html/quickmerch/vendor/laravel/framework/src/Illuminate/Routing/RouteCollection.php:145
Stack trace:
#0 /var/www/html/quickmerch/vendor/laravel/framework/src/Illuminate/Routing/Router.php(729): Illuminate\Routing\RouteCollection->match(Object(Illuminate\Http\Request))
#1 /var/www/html/quickmerch/vendor/laravel/framework/src/Illuminate/Routing/Router.php(652): Illuminate\Routing\Router->findRoute(Object(Illuminate\Http\Request))
#2 /var/www/html/quickmerch/vendor/laravel/framework/src/Illuminate/Routing/Router.php(628): Illuminate\Routing\Router->dispatchToRoute(Object(Illuminate\Http\Request))
#3 /var/www/html/quickmerch/vendor/laravel/framework/src/Illuminate/Foundation/Http/Kernel.php(214): Illuminate\Routing\Router->dispatch(Object(Illuminate\Http\Request))
#4 [internal function]: Illuminate\Foundation\Http\Kernel->Illuminate\Foundation\Http\{closure}(Object(Illuminate\Http\Request))
#5 /var/www/html/quickmerch/vendor/laravel/framework/src/Illuminate/Pipeline/Pipeline.php(141): call_user_func(Object(Closure), Object(Illuminate\Http\Request))
#6 /var/www/html/quickmerch/vendor/laravel/framework/src/Illuminate/View/Middleware/ShareErrorsFromSession.php(55): Illuminate\Pipeline\Pipeline->Illuminate\Pipeline\{closure}(Object(Illuminate\Http\Request))
#7 /var/www/html/quickmerch/vendor/laravel/framework/src/Illuminate/Pipeline/Pipeline.php(125): Illuminate\View\Middleware\ShareErrorsFromSession->handle(Object(Illuminate\Http\Request), Object(Closure))
#8 /var/www/html/quickmerch/vendor/laravel/framework/src/Illuminate/Session/Middleware/StartSession.php(61): Illuminate\Pipeline\Pipeline->Illuminate\Pipeline\{closure}(Object(Illuminate\Http\Request))
#9 /var/www/html/quickmerch/vendor/laravel/framework/src/Illuminate/Pipeline/Pipeline.php(125): Illuminate\Session\Middleware\StartSession->handle(Object(Illuminate\Http\Request), Object(Closure))
#10 /var/www/html/quickmerch/vendor/laravel/framework/src/Illuminate/Cookie/Middleware/AddQueuedCookiesToResponse.php(36): Illuminate\Pipeline\Pipeline->Illuminate\Pipeline\{closure}(Object(Illuminate\Http\Request))
#11 /var/www/html/quickmerch/vendor/laravel/framework/src/Illuminate/Pipeline/Pipeline.php(125): Illuminate\Cookie\Middleware\AddQueuedCookiesToResponse->handle(Object(Illuminate\Http\Request), Object(Closure))
#12 /var/www/html/quickmerch/vendor/laravel/framework/src/Illuminate/Cookie/Middleware/EncryptCookies.php(40): Illuminate\Pipeline\Pipeline->Illuminate\Pipeline\{closure}(Object(Illuminate\Http\Request))
#13 /var/www/html/quickmerch/vendor/laravel/framework/src/Illuminate/Pipeline/Pipeline.php(125): Illuminate\Cookie\Middleware\EncryptCookies->handle(Object(Illuminate\Http\Request), Object(Closure))
#14 /var/www/html/quickmerch/vendor/laravel/framework/src/Illuminate/Foundation/Http/Middleware/CheckForMaintenanceMode.php(42): Illuminate\Pipeline\Pipeline->Illuminate\Pipeline\{closure}(Object(Illuminate\Http\Request))
#15 /var/www/html/quickmerch/vendor/laravel/framework/src/Illuminate/Pipeline/Pipeline.php(125): Illuminate\Foundation\Http\Middleware\CheckForMaintenanceMode->handle(Object(Illuminate\Http\Request), Object(Closure))
#16 [internal function]: Illuminate\Pipeline\Pipeline->Illuminate\Pipeline\{closure}(Object(Illuminate\Http\Request))
#17 /var/www/html/quickmerch/vendor/laravel/framework/src/Illuminate/Pipeline/Pipeline.php(101): call_user_func(Object(Closure), Object(Illuminate\Http\Request))
#18 /var/www/html/quickmerch/vendor/laravel/framework/src/Illuminate/Foundation/Http/Kernel.php(115): Illuminate\Pipeline\Pipeline->then(Object(Closure))
#19 /var/www/html/quickmerch/vendor/laravel/framework/src/Illuminate/Foundation/Http/Kernel.php(84): Illuminate\Foundation\Http\Kernel->sendRequestThroughRouter(Object(Illuminate\Http\Request))
#20 /var/www/html/quickmerch/public/index.php(54): Illuminate\Foundation\Http\Kernel->handle(Object(Illuminate\Http\Request))
#21 {main}  
[2016-10-04 06:37:06] local.ERROR: exception 'Symfony\Component\HttpKernel\Exception\NotFoundHttpException' in /var/www/html/quickmerch/vendor/laravel/framework/src/Illuminate/Routing/RouteCollection.php:145
Stack trace:
#0 /var/www/html/quickmerch/vendor/laravel/framework/src/Illuminate/Routing/Router.php(729): Illuminate\Routing\RouteCollection->match(Object(Illuminate\Http\Request))
#1 /var/www/html/quickmerch/vendor/laravel/framework/src/Illuminate/Routing/Router.php(652): Illuminate\Routing\Router->findRoute(Object(Illuminate\Http\Request))
#2 /var/www/html/quickmerch/vendor/laravel/framework/src/Illuminate/Routing/Router.php(628): Illuminate\Routing\Router->dispatchToRoute(Object(Illuminate\Http\Request))
#3 /var/www/html/quickmerch/vendor/laravel/framework/src/Illuminate/Foundation/Http/Kernel.php(214): Illuminate\Routing\Router->dispatch(Object(Illuminate\Http\Request))
#4 [internal function]: Illuminate\Foundation\Http\Kernel->Illuminate\Foundation\Http\{closure}(Object(Illuminate\Http\Request))
#5 /var/www/html/quickmerch/vendor/laravel/framework/src/Illuminate/Pipeline/Pipeline.php(141): call_user_func(Object(Closure), Object(Illuminate\Http\Request))
#6 /var/www/html/quickmerch/vendor/laravel/framework/src/Illuminate/View/Middleware/ShareErrorsFromSession.php(55): Illuminate\Pipeline\Pipeline->Illuminate\Pipeline\{closure}(Object(Illuminate\Http\Request))
#7 /var/www/html/quickmerch/vendor/laravel/framework/src/Illuminate/Pipeline/Pipeline.php(125): Illuminate\View\Middleware\ShareErrorsFromSession->handle(Object(Illuminate\Http\Request), Object(Closure))
#8 /var/www/html/quickmerch/vendor/laravel/framework/src/Illuminate/Session/Middleware/StartSession.php(61): Illuminate\Pipeline\Pipeline->Illuminate\Pipeline\{closure}(Object(Illuminate\Http\Request))
#9 /var/www/html/quickmerch/vendor/laravel/framework/src/Illuminate/Pipeline/Pipeline.php(125): Illuminate\Session\Middleware\StartSession->handle(Object(Illuminate\Http\Request), Object(Closure))
#10 /var/www/html/quickmerch/vendor/laravel/framework/src/Illuminate/Cookie/Middleware/AddQueuedCookiesToResponse.php(36): Illuminate\Pipeline\Pipeline->Illuminate\Pipeline\{closure}(Object(Illuminate\Http\Request))
#11 /var/www/html/quickmerch/vendor/laravel/framework/src/Illuminate/Pipeline/Pipeline.php(125): Illuminate\Cookie\Middleware\AddQueuedCookiesToResponse->handle(Object(Illuminate\Http\Request), Object(Closure))
#12 /var/www/html/quickmerch/vendor/laravel/framework/src/Illuminate/Cookie/Middleware/EncryptCookies.php(40): Illuminate\Pipeline\Pipeline->Illuminate\Pipeline\{closure}(Object(Illuminate\Http\Request))
#13 /var/www/html/quickmerch/vendor/laravel/framework/src/Illuminate/Pipeline/Pipeline.php(125): Illuminate\Cookie\Middleware\EncryptCookies->handle(Object(Illuminate\Http\Request), Object(Closure))
#14 /var/www/html/quickmerch/vendor/laravel/framework/src/Illuminate/Foundation/Http/Middleware/CheckForMaintenanceMode.php(42): Illuminate\Pipeline\Pipeline->Illuminate\Pipeline\{closure}(Object(Illuminate\Http\Request))
#15 /var/www/html/quickmerch/vendor/laravel/framework/src/Illuminate/Pipeline/Pipeline.php(125): Illuminate\Foundation\Http\Middleware\CheckForMaintenanceMode->handle(Object(Illuminate\Http\Request), Object(Closure))
#16 [internal function]: Illuminate\Pipeline\Pipeline->Illuminate\Pipeline\{closure}(Object(Illuminate\Http\Request))
#17 /var/www/html/quickmerch/vendor/laravel/framework/src/Illuminate/Pipeline/Pipeline.php(101): call_user_func(Object(Closure), Object(Illuminate\Http\Request))
#18 /var/www/html/quickmerch/vendor/laravel/framework/src/Illuminate/Foundation/Http/Kernel.php(115): Illuminate\Pipeline\Pipeline->then(Object(Closure))
#19 /var/www/html/quickmerch/vendor/laravel/framework/src/Illuminate/Foundation/Http/Kernel.php(84): Illuminate\Foundation\Http\Kernel->sendRequestThroughRouter(Object(Illuminate\Http\Request))
#20 /var/www/html/quickmerch/public/index.php(54): Illuminate\Foundation\Http\Kernel->handle(Object(Illuminate\Http\Request))
#21 {main}  
[2016-10-04 06:45:50] local.ERROR: exception 'ErrorException' with message 'Array to string conversion' in /var/www/html/quickmerch/app/Http/Controllers/AuthController.php:118
Stack trace:
#0 /var/www/html/quickmerch/app/Http/Controllers/AuthController.php(118): Illuminate\Foundation\Bootstrap\HandleExceptions->handleError(8, 'Array to string...', '/var/www/html/q...', 118, Array)
#1 [internal function]: App\Http\Controllers\AuthController->login(Object(App\Http\Requests\UserLoginRequest))
#2 /var/www/html/quickmerch/vendor/laravel/framework/src/Illuminate/Routing/Controller.php(246): call_user_func_array(Array, Array)
#3 /var/www/html/quickmerch/vendor/laravel/framework/src/Illuminate/Routing/ControllerDispatcher.php(162): Illuminate\Routing\Controller->callAction('login', Array)
#4 /var/www/html/quickmerch/vendor/laravel/framework/src/Illuminate/Routing/ControllerDispatcher.php(107): Illuminate\Routing\ControllerDispatcher->call(Object(App\Http\Controllers\AuthController), Object(Illuminate\Routing\Route), 'login')
#5 [internal function]: Illuminate\Routing\ControllerDispatcher->Illuminate\Routing\{closure}(Object(Illuminate\Http\Request))
#6 /var/www/html/quickmerch/vendor/laravel/framework/src/Illuminate/Pipeline/Pipeline.php(141): call_user_func(Object(Closure), Object(Illuminate\Http\Request))
#7 [internal function]: Illuminate\Pipeline\Pipeline->Illuminate\Pipeline\{closure}(Object(Illuminate\Http\Request))
#8 /var/www/html/quickmerch/vendor/laravel/framework/src/Illuminate/Pipeline/Pipeline.php(101): call_user_func(Object(Closure), Object(Illuminate\Http\Request))
#9 /var/www/html/quickmerch/vendor/laravel/framework/src/Illuminate/Routing/ControllerDispatcher.php(108): Illuminate\Pipeline\Pipeline->then(Object(Closure))
#10 /var/www/html/quickmerch/vendor/laravel/framework/src/Illuminate/Routing/ControllerDispatcher.php(67): Illuminate\Routing\ControllerDispatcher->callWithinStack(Object(App\Http\Controllers\AuthController), Object(Illuminate\Routing\Route), Object(Illuminate\Http\Request), 'login')
#11 /var/www/html/quickmerch/vendor/laravel/framework/src/Illuminate/Routing/Route.php(204): Illuminate\Routing\ControllerDispatcher->dispatch(Object(Illuminate\Routing\Route), Object(Illuminate\Http\Request), 'App\Http\Contro...', 'login')
#12 /var/www/html/quickmerch/vendor/laravel/framework/src/Illuminate/Routing/Route.php(134): Illuminate\Routing\Route->runWithCustomDispatcher(Object(Illuminate\Http\Request))
#13 /var/www/html/quickmerch/vendor/laravel/framework/src/Illuminate/Routing/Router.php(701): Illuminate\Routing\Route->run(Object(Illuminate\Http\Request))
#14 [internal function]: Illuminate\Routing\Router->Illuminate\Routing\{closure}(Object(Illuminate\Http\Request))
#15 /var/www/html/quickmerch/vendor/laravel/framework/src/Illuminate/Pipeline/Pipeline.php(141): call_user_func(Object(Closure), Object(Illuminate\Http\Request))
#16 [internal function]: Illuminate\Pipeline\Pipeline->Illuminate\Pipeline\{closure}(Object(Illuminate\Http\Request))
#17 /var/www/html/quickmerch/vendor/laravel/framework/src/Illuminate/Pipeline/Pipeline.php(101): call_user_func(Object(Closure), Object(Illuminate\Http\Request))
#18 /var/www/html/quickmerch/vendor/laravel/framework/src/Illuminate/Routing/Router.php(703): Illuminate\Pipeline\Pipeline->then(Object(Closure))
#19 /var/www/html/quickmerch/vendor/laravel/framework/src/Illuminate/Routing/Router.php(670): Illuminate\Routing\Router->runRouteWithinStack(Object(Illuminate\Routing\Route), Object(Illuminate\Http\Request))
#20 /var/www/html/quickmerch/vendor/laravel/framework/src/Illuminate/Routing/Router.php(628): Illuminate\Routing\Router->dispatchToRoute(Object(Illuminate\Http\Request))
#21 /var/www/html/quickmerch/vendor/laravel/framework/src/Illuminate/Foundation/Http/Kernel.php(214): Illuminate\Routing\Router->dispatch(Object(Illuminate\Http\Request))
#22 [internal function]: Illuminate\Foundation\Http\Kernel->Illuminate\Foundation\Http\{closure}(Object(Illuminate\Http\Request))
#23 /var/www/html/quickmerch/vendor/laravel/framework/src/Illuminate/Pipeline/Pipeline.php(141): call_user_func(Object(Closure), Object(Illuminate\Http\Request))
#24 /var/www/html/quickmerch/vendor/laravel/framework/src/Illuminate/View/Middleware/ShareErrorsFromSession.php(55): Illuminate\Pipeline\Pipeline->Illuminate\Pipeline\{closure}(Object(Illuminate\Http\Request))
#25 /var/www/html/quickmerch/vendor/laravel/framework/src/Illuminate/Pipeline/Pipeline.php(125): Illuminate\View\Middleware\ShareErrorsFromSession->handle(Object(Illuminate\Http\Request), Object(Closure))
#26 /var/www/html/quickmerch/vendor/laravel/framework/src/Illuminate/Session/Middleware/StartSession.php(61): Illuminate\Pipeline\Pipeline->Illuminate\Pipeline\{closure}(Object(Illuminate\Http\Request))
#27 /var/www/html/quickmerch/vendor/laravel/framework/src/Illuminate/Pipeline/Pipeline.php(125): Illuminate\Session\Middleware\StartSession->handle(Object(Illuminate\Http\Request), Object(Closure))
#28 /var/www/html/quickmerch/vendor/laravel/framework/src/Illuminate/Cookie/Middleware/AddQueuedCookiesToResponse.php(36): Illuminate\Pipeline\Pipeline->Illuminate\Pipeline\{closure}(Object(Illuminate\Http\Request))
#29 /var/www/html/quickmerch/vendor/laravel/framework/src/Illuminate/Pipeline/Pipeline.php(125): Illuminate\Cookie\Middleware\AddQueuedCookiesToResponse->handle(Object(Illuminate\Http\Request), Object(Closure))
#30 /var/www/html/quickmerch/vendor/laravel/framework/src/Illuminate/Cookie/Middleware/EncryptCookies.php(40): Illuminate\Pipeline\Pipeline->Illuminate\Pipeline\{closure}(Object(Illuminate\Http\Request))
#31 /var/www/html/quickmerch/vendor/laravel/framework/src/Illuminate/Pipeline/Pipeline.php(125): Illuminate\Cookie\Middleware\EncryptCookies->handle(Object(Illuminate\Http\Request), Object(Closure))
#32 /var/www/html/quickmerch/vendor/laravel/framework/src/Illuminate/Foundation/Http/Middleware/CheckForMaintenanceMode.php(42): Illuminate\Pipeline\Pipeline->Illuminate\Pipeline\{closure}(Object(Illuminate\Http\Request))
#33 /var/www/html/quickmerch/vendor/laravel/framework/src/Illuminate/Pipeline/Pipeline.php(125): Illuminate\Foundation\Http\Middleware\CheckForMaintenanceMode->handle(Object(Illuminate\Http\Request), Object(Closure))
#34 [internal function]: Illuminate\Pipeline\Pipeline->Illuminate\Pipeline\{closure}(Object(Illuminate\Http\Request))
#35 /var/www/html/quickmerch/vendor/laravel/framework/src/Illuminate/Pipeline/Pipeline.php(101): call_user_func(Object(Closure), Object(Illuminate\Http\Request))
#36 /var/www/html/quickmerch/vendor/laravel/framework/src/Illuminate/Foundation/Http/Kernel.php(115): Illuminate\Pipeline\Pipeline->then(Object(Closure))
#37 /var/www/html/quickmerch/vendor/laravel/framework/src/Illuminate/Foundation/Http/Kernel.php(84): Illuminate\Foundation\Http\Kernel->sendRequestThroughRouter(Object(Illuminate\Http\Request))
#38 /var/www/html/quickmerch/public/index.php(54): Illuminate\Foundation\Http\Kernel->handle(Object(Illuminate\Http\Request))
#39 {main}  
[2016-10-04 07:00:57] local.ERROR: exception 'ErrorException' with message 'Trying to get property of non-object' in /var/www/html/quickmerch/app/Http/Services/UserRegistrationService.php:99
Stack trace:
#0 /var/www/html/quickmerch/app/Http/Services/UserRegistrationService.php(99): Illuminate\Foundation\Bootstrap\HandleExceptions->handleError(8, 'Trying to get p...', '/var/www/html/q...', 99, Array)
#1 /var/www/html/quickmerch/app/Http/Controllers/AuthController.php(272): App\Http\Services\UserRegistrationService->update(Array)
#2 [internal function]: App\Http\Controllers\AuthController->saveaccount(Object(App\Http\Requests\AccountSetupRequest), Object(App\Http\Services\UserRegistrationService))
#3 /var/www/html/quickmerch/vendor/laravel/framework/src/Illuminate/Routing/Controller.php(246): call_user_func_array(Array, Array)
#4 /var/www/html/quickmerch/vendor/laravel/framework/src/Illuminate/Routing/ControllerDispatcher.php(162): Illuminate\Routing\Controller->callAction('saveaccount', Array)
#5 /var/www/html/quickmerch/vendor/laravel/framework/src/Illuminate/Routing/ControllerDispatcher.php(107): Illuminate\Routing\ControllerDispatcher->call(Object(App\Http\Controllers\AuthController), Object(Illuminate\Routing\Route), 'saveaccount')
#6 [internal function]: Illuminate\Routing\ControllerDispatcher->Illuminate\Routing\{closure}(Object(Illuminate\Http\Request))
#7 /var/www/html/quickmerch/vendor/laravel/framework/src/Illuminate/Pipeline/Pipeline.php(141): call_user_func(Object(Closure), Object(Illuminate\Http\Request))
#8 [internal function]: Illuminate\Pipeline\Pipeline->Illuminate\Pipeline\{closure}(Object(Illuminate\Http\Request))
#9 /var/www/html/quickmerch/vendor/laravel/framework/src/Illuminate/Pipeline/Pipeline.php(101): call_user_func(Object(Closure), Object(Illuminate\Http\Request))
#10 /var/www/html/quickmerch/vendor/laravel/framework/src/Illuminate/Routing/ControllerDispatcher.php(108): Illuminate\Pipeline\Pipeline->then(Object(Closure))
#11 /var/www/html/quickmerch/vendor/laravel/framework/src/Illuminate/Routing/ControllerDispatcher.php(67): Illuminate\Routing\ControllerDispatcher->callWithinStack(Object(App\Http\Controllers\AuthController), Object(Illuminate\Routing\Route), Object(Illuminate\Http\Request), 'saveaccount')
#12 /var/www/html/quickmerch/vendor/laravel/framework/src/Illuminate/Routing/Route.php(204): Illuminate\Routing\ControllerDispatcher->dispatch(Object(Illuminate\Routing\Route), Object(Illuminate\Http\Request), 'App\Http\Contro...', 'saveaccount')
#13 /var/www/html/quickmerch/vendor/laravel/framework/src/Illuminate/Routing/Route.php(134): Illuminate\Routing\Route->runWithCustomDispatcher(Object(Illuminate\Http\Request))
#14 /var/www/html/quickmerch/vendor/laravel/framework/src/Illuminate/Routing/Router.php(701): Illuminate\Routing\Route->run(Object(Illuminate\Http\Request))
#15 [internal function]: Illuminate\Routing\Router->Illuminate\Routing\{closure}(Object(Illuminate\Http\Request))
#16 /var/www/html/quickmerch/vendor/laravel/framework/src/Illuminate/Pipeline/Pipeline.php(141): call_user_func(Object(Closure), Object(Illuminate\Http\Request))
#17 [internal function]: Illuminate\Pipeline\Pipeline->Illuminate\Pipeline\{closure}(Object(Illuminate\Http\Request))
#18 /var/www/html/quickmerch/vendor/laravel/framework/src/Illuminate/Pipeline/Pipeline.php(101): call_user_func(Object(Closure), Object(Illuminate\Http\Request))
#19 /var/www/html/quickmerch/vendor/laravel/framework/src/Illuminate/Routing/Router.php(703): Illuminate\Pipeline\Pipeline->then(Object(Closure))
#20 /var/www/html/quickmerch/vendor/laravel/framework/src/Illuminate/Routing/Router.php(670): Illuminate\Routing\Router->runRouteWithinStack(Object(Illuminate\Routing\Route), Object(Illuminate\Http\Request))
#21 /var/www/html/quickmerch/vendor/laravel/framework/src/Illuminate/Routing/Router.php(628): Illuminate\Routing\Router->dispatchToRoute(Object(Illuminate\Http\Request))
#22 /var/www/html/quickmerch/vendor/laravel/framework/src/Illuminate/Foundation/Http/Kernel.php(214): Illuminate\Routing\Router->dispatch(Object(Illuminate\Http\Request))
#23 [internal function]: Illuminate\Foundation\Http\Kernel->Illuminate\Foundation\Http\{closure}(Object(Illuminate\Http\Request))
#24 /var/www/html/quickmerch/vendor/laravel/framework/src/Illuminate/Pipeline/Pipeline.php(141): call_user_func(Object(Closure), Object(Illuminate\Http\Request))
#25 /var/www/html/quickmerch/vendor/laravel/framework/src/Illuminate/View/Middleware/ShareErrorsFromSession.php(55): Illuminate\Pipeline\Pipeline->Illuminate\Pipeline\{closure}(Object(Illuminate\Http\Request))
#26 /var/www/html/quickmerch/vendor/laravel/framework/src/Illuminate/Pipeline/Pipeline.php(125): Illuminate\View\Middleware\ShareErrorsFromSession->handle(Object(Illuminate\Http\Request), Object(Closure))
#27 /var/www/html/quickmerch/vendor/laravel/framework/src/Illuminate/Session/Middleware/StartSession.php(61): Illuminate\Pipeline\Pipeline->Illuminate\Pipeline\{closure}(Object(Illuminate\Http\Request))
#28 /var/www/html/quickmerch/vendor/laravel/framework/src/Illuminate/Pipeline/Pipeline.php(125): Illuminate\Session\Middleware\StartSession->handle(Object(Illuminate\Http\Request), Object(Closure))
#29 /var/www/html/quickmerch/vendor/laravel/framework/src/Illuminate/Cookie/Middleware/AddQueuedCookiesToResponse.php(36): Illuminate\Pipeline\Pipeline->Illuminate\Pipeline\{closure}(Object(Illuminate\Http\Request))
#30 /var/www/html/quickmerch/vendor/laravel/framework/src/Illuminate/Pipeline/Pipeline.php(125): Illuminate\Cookie\Middleware\AddQueuedCookiesToResponse->handle(Object(Illuminate\Http\Request), Object(Closure))
#31 /var/www/html/quickmerch/vendor/laravel/framework/src/Illuminate/Cookie/Middleware/EncryptCookies.php(40): Illuminate\Pipeline\Pipeline->Illuminate\Pipeline\{closure}(Object(Illuminate\Http\Request))
#32 /var/www/html/quickmerch/vendor/laravel/framework/src/Illuminate/Pipeline/Pipeline.php(125): Illuminate\Cookie\Middleware\EncryptCookies->handle(Object(Illuminate\Http\Request), Object(Closure))
#33 /var/www/html/quickmerch/vendor/laravel/framework/src/Illuminate/Foundation/Http/Middleware/CheckForMaintenanceMode.php(42): Illuminate\Pipeline\Pipeline->Illuminate\Pipeline\{closure}(Object(Illuminate\Http\Request))
#34 /var/www/html/quickmerch/vendor/laravel/framework/src/Illuminate/Pipeline/Pipeline.php(125): Illuminate\Foundation\Http\Middleware\CheckForMaintenanceMode->handle(Object(Illuminate\Http\Request), Object(Closure))
#35 [internal function]: Illuminate\Pipeline\Pipeline->Illuminate\Pipeline\{closure}(Object(Illuminate\Http\Request))
#36 /var/www/html/quickmerch/vendor/laravel/framework/src/Illuminate/Pipeline/Pipeline.php(101): call_user_func(Object(Closure), Object(Illuminate\Http\Request))
#37 /var/www/html/quickmerch/vendor/laravel/framework/src/Illuminate/Foundation/Http/Kernel.php(115): Illuminate\Pipeline\Pipeline->then(Object(Closure))
#38 /var/www/html/quickmerch/vendor/laravel/framework/src/Illuminate/Foundation/Http/Kernel.php(84): Illuminate\Foundation\Http\Kernel->sendRequestThroughRouter(Object(Illuminate\Http\Request))
#39 /var/www/html/quickmerch/public/index.php(54): Illuminate\Foundation\Http\Kernel->handle(Object(Illuminate\Http\Request))
#40 {main}  
[2016-10-04 07:06:34] local.ERROR: exception 'ErrorException' with message 'Trying to get property of non-object' in /var/www/html/quickmerch/app/Http/Services/UserRegistrationService.php:98
Stack trace:
#0 /var/www/html/quickmerch/app/Http/Services/UserRegistrationService.php(98): Illuminate\Foundation\Bootstrap\HandleExceptions->handleError(8, 'Trying to get p...', '/var/www/html/q...', 98, Array)
#1 /var/www/html/quickmerch/app/Http/Controllers/AuthController.php(272): App\Http\Services\UserRegistrationService->update(Array)
#2 [internal function]: App\Http\Controllers\AuthController->saveaccount(Object(App\Http\Requests\AccountSetupRequest), Object(App\Http\Services\UserRegistrationService))
#3 /var/www/html/quickmerch/vendor/laravel/framework/src/Illuminate/Routing/Controller.php(246): call_user_func_array(Array, Array)
#4 /var/www/html/quickmerch/vendor/laravel/framework/src/Illuminate/Routing/ControllerDispatcher.php(162): Illuminate\Routing\Controller->callAction('saveaccount', Array)
#5 /var/www/html/quickmerch/vendor/laravel/framework/src/Illuminate/Routing/ControllerDispatcher.php(107): Illuminate\Routing\ControllerDispatcher->call(Object(App\Http\Controllers\AuthController), Object(Illuminate\Routing\Route), 'saveaccount')
#6 [internal function]: Illuminate\Routing\ControllerDispatcher->Illuminate\Routing\{closure}(Object(Illuminate\Http\Request))
#7 /var/www/html/quickmerch/vendor/laravel/framework/src/Illuminate/Pipeline/Pipeline.php(141): call_user_func(Object(Closure), Object(Illuminate\Http\Request))
#8 [internal function]: Illuminate\Pipeline\Pipeline->Illuminate\Pipeline\{closure}(Object(Illuminate\Http\Request))
#9 /var/www/html/quickmerch/vendor/laravel/framework/src/Illuminate/Pipeline/Pipeline.php(101): call_user_func(Object(Closure), Object(Illuminate\Http\Request))
#10 /var/www/html/quickmerch/vendor/laravel/framework/src/Illuminate/Routing/ControllerDispatcher.php(108): Illuminate\Pipeline\Pipeline->then(Object(Closure))
#11 /var/www/html/quickmerch/vendor/laravel/framework/src/Illuminate/Routing/ControllerDispatcher.php(67): Illuminate\Routing\ControllerDispatcher->callWithinStack(Object(App\Http\Controllers\AuthController), Object(Illuminate\Routing\Route), Object(Illuminate\Http\Request), 'saveaccount')
#12 /var/www/html/quickmerch/vendor/laravel/framework/src/Illuminate/Routing/Route.php(204): Illuminate\Routing\ControllerDispatcher->dispatch(Object(Illuminate\Routing\Route), Object(Illuminate\Http\Request), 'App\Http\Contro...', 'saveaccount')
#13 /var/www/html/quickmerch/vendor/laravel/framework/src/Illuminate/Routing/Route.php(134): Illuminate\Routing\Route->runWithCustomDispatcher(Object(Illuminate\Http\Request))
#14 /var/www/html/quickmerch/vendor/laravel/framework/src/Illuminate/Routing/Router.php(701): Illuminate\Routing\Route->run(Object(Illuminate\Http\Request))
#15 [internal function]: Illuminate\Routing\Router->Illuminate\Routing\{closure}(Object(Illuminate\Http\Request))
#16 /var/www/html/quickmerch/vendor/laravel/framework/src/Illuminate/Pipeline/Pipeline.php(141): call_user_func(Object(Closure), Object(Illuminate\Http\Request))
#17 [internal function]: Illuminate\Pipeline\Pipeline->Illuminate\Pipeline\{closure}(Object(Illuminate\Http\Request))
#18 /var/www/html/quickmerch/vendor/laravel/framework/src/Illuminate/Pipeline/Pipeline.php(101): call_user_func(Object(Closure), Object(Illuminate\Http\Request))
#19 /var/www/html/quickmerch/vendor/laravel/framework/src/Illuminate/Routing/Router.php(703): Illuminate\Pipeline\Pipeline->then(Object(Closure))
#20 /var/www/html/quickmerch/vendor/laravel/framework/src/Illuminate/Routing/Router.php(670): Illuminate\Routing\Router->runRouteWithinStack(Object(Illuminate\Routing\Route), Object(Illuminate\Http\Request))
#21 /var/www/html/quickmerch/vendor/laravel/framework/src/Illuminate/Routing/Router.php(628): Illuminate\Routing\Router->dispatchToRoute(Object(Illuminate\Http\Request))
#22 /var/www/html/quickmerch/vendor/laravel/framework/src/Illuminate/Foundation/Http/Kernel.php(214): Illuminate\Routing\Router->dispatch(Object(Illuminate\Http\Request))
#23 [internal function]: Illuminate\Foundation\Http\Kernel->Illuminate\Foundation\Http\{closure}(Object(Illuminate\Http\Request))
#24 /var/www/html/quickmerch/vendor/laravel/framework/src/Illuminate/Pipeline/Pipeline.php(141): call_user_func(Object(Closure), Object(Illuminate\Http\Request))
#25 /var/www/html/quickmerch/vendor/laravel/framework/src/Illuminate/View/Middleware/ShareErrorsFromSession.php(55): Illuminate\Pipeline\Pipeline->Illuminate\Pipeline\{closure}(Object(Illuminate\Http\Request))
#26 /var/www/html/quickmerch/vendor/laravel/framework/src/Illuminate/Pipeline/Pipeline.php(125): Illuminate\View\Middleware\ShareErrorsFromSession->handle(Object(Illuminate\Http\Request), Object(Closure))
#27 /var/www/html/quickmerch/vendor/laravel/framework/src/Illuminate/Session/Middleware/StartSession.php(61): Illuminate\Pipeline\Pipeline->Illuminate\Pipeline\{closure}(Object(Illuminate\Http\Request))
#28 /var/www/html/quickmerch/vendor/laravel/framework/src/Illuminate/Pipeline/Pipeline.php(125): Illuminate\Session\Middleware\StartSession->handle(Object(Illuminate\Http\Request), Object(Closure))
#29 /var/www/html/quickmerch/vendor/laravel/framework/src/Illuminate/Cookie/Middleware/AddQueuedCookiesToResponse.php(36): Illuminate\Pipeline\Pipeline->Illuminate\Pipeline\{closure}(Object(Illuminate\Http\Request))
#30 /var/www/html/quickmerch/vendor/laravel/framework/src/Illuminate/Pipeline/Pipeline.php(125): Illuminate\Cookie\Middleware\AddQueuedCookiesToResponse->handle(Object(Illuminate\Http\Request), Object(Closure))
#31 /var/www/html/quickmerch/vendor/laravel/framework/src/Illuminate/Cookie/Middleware/EncryptCookies.php(40): Illuminate\Pipeline\Pipeline->Illuminate\Pipeline\{closure}(Object(Illuminate\Http\Request))
#32 /var/www/html/quickmerch/vendor/laravel/framework/src/Illuminate/Pipeline/Pipeline.php(125): Illuminate\Cookie\Middleware\EncryptCookies->handle(Object(Illuminate\Http\Request), Object(Closure))
#33 /var/www/html/quickmerch/vendor/laravel/framework/src/Illuminate/Foundation/Http/Middleware/CheckForMaintenanceMode.php(42): Illuminate\Pipeline\Pipeline->Illuminate\Pipeline\{closure}(Object(Illuminate\Http\Request))
#34 /var/www/html/quickmerch/vendor/laravel/framework/src/Illuminate/Pipeline/Pipeline.php(125): Illuminate\Foundation\Http\Middleware\CheckForMaintenanceMode->handle(Object(Illuminate\Http\Request), Object(Closure))
#35 [internal function]: Illuminate\Pipeline\Pipeline->Illuminate\Pipeline\{closure}(Object(Illuminate\Http\Request))
#36 /var/www/html/quickmerch/vendor/laravel/framework/src/Illuminate/Pipeline/Pipeline.php(101): call_user_func(Object(Closure), Object(Illuminate\Http\Request))
#37 /var/www/html/quickmerch/vendor/laravel/framework/src/Illuminate/Foundation/Http/Kernel.php(115): Illuminate\Pipeline\Pipeline->then(Object(Closure))
#38 /var/www/html/quickmerch/vendor/laravel/framework/src/Illuminate/Foundation/Http/Kernel.php(84): Illuminate\Foundation\Http\Kernel->sendRequestThroughRouter(Object(Illuminate\Http\Request))
#39 /var/www/html/quickmerch/public/index.php(54): Illuminate\Foundation\Http\Kernel->handle(Object(Illuminate\Http\Request))
#40 {main}  
[2016-10-04 08:15:44] local.ERROR: exception 'ErrorException' with message 'Trying to get property of non-object' in /var/www/html/quickmerch/app/Http/Services/UserRegistrationService.php:102
Stack trace:
#0 /var/www/html/quickmerch/app/Http/Services/UserRegistrationService.php(102): Illuminate\Foundation\Bootstrap\HandleExceptions->handleError(8, 'Trying to get p...', '/var/www/html/q...', 102, Array)
#1 /var/www/html/quickmerch/app/Http/Controllers/AuthController.php(272): App\Http\Services\UserRegistrationService->update(Array)
#2 [internal function]: App\Http\Controllers\AuthController->saveaccount(Object(App\Http\Requests\AccountSetupRequest), Object(App\Http\Services\UserRegistrationService))
#3 /var/www/html/quickmerch/vendor/laravel/framework/src/Illuminate/Routing/Controller.php(246): call_user_func_array(Array, Array)
#4 /var/www/html/quickmerch/vendor/laravel/framework/src/Illuminate/Routing/ControllerDispatcher.php(162): Illuminate\Routing\Controller->callAction('saveaccount', Array)
#5 /var/www/html/quickmerch/vendor/laravel/framework/src/Illuminate/Routing/ControllerDispatcher.php(107): Illuminate\Routing\ControllerDispatcher->call(Object(App\Http\Controllers\AuthController), Object(Illuminate\Routing\Route), 'saveaccount')
#6 [internal function]: Illuminate\Routing\ControllerDispatcher->Illuminate\Routing\{closure}(Object(Illuminate\Http\Request))
#7 /var/www/html/quickmerch/vendor/laravel/framework/src/Illuminate/Pipeline/Pipeline.php(141): call_user_func(Object(Closure), Object(Illuminate\Http\Request))
#8 [internal function]: Illuminate\Pipeline\Pipeline->Illuminate\Pipeline\{closure}(Object(Illuminate\Http\Request))
#9 /var/www/html/quickmerch/vendor/laravel/framework/src/Illuminate/Pipeline/Pipeline.php(101): call_user_func(Object(Closure), Object(Illuminate\Http\Request))
#10 /var/www/html/quickmerch/vendor/laravel/framework/src/Illuminate/Routing/ControllerDispatcher.php(108): Illuminate\Pipeline\Pipeline->then(Object(Closure))
#11 /var/www/html/quickmerch/vendor/laravel/framework/src/Illuminate/Routing/ControllerDispatcher.php(67): Illuminate\Routing\ControllerDispatcher->callWithinStack(Object(App\Http\Controllers\AuthController), Object(Illuminate\Routing\Route), Object(Illuminate\Http\Request), 'saveaccount')
#12 /var/www/html/quickmerch/vendor/laravel/framework/src/Illuminate/Routing/Route.php(204): Illuminate\Routing\ControllerDispatcher->dispatch(Object(Illuminate\Routing\Route), Object(Illuminate\Http\Request), 'App\Http\Contro...', 'saveaccount')
#13 /var/www/html/quickmerch/vendor/laravel/framework/src/Illuminate/Routing/Route.php(134): Illuminate\Routing\Route->runWithCustomDispatcher(Object(Illuminate\Http\Request))
#14 /var/www/html/quickmerch/vendor/laravel/framework/src/Illuminate/Routing/Router.php(701): Illuminate\Routing\Route->run(Object(Illuminate\Http\Request))
#15 [internal function]: Illuminate\Routing\Router->Illuminate\Routing\{closure}(Object(Illuminate\Http\Request))
#16 /var/www/html/quickmerch/vendor/laravel/framework/src/Illuminate/Pipeline/Pipeline.php(141): call_user_func(Object(Closure), Object(Illuminate\Http\Request))
#17 [internal function]: Illuminate\Pipeline\Pipeline->Illuminate\Pipeline\{closure}(Object(Illuminate\Http\Request))
#18 /var/www/html/quickmerch/vendor/laravel/framework/src/Illuminate/Pipeline/Pipeline.php(101): call_user_func(Object(Closure), Object(Illuminate\Http\Request))
#19 /var/www/html/quickmerch/vendor/laravel/framework/src/Illuminate/Routing/Router.php(703): Illuminate\Pipeline\Pipeline->then(Object(Closure))
#20 /var/www/html/quickmerch/vendor/laravel/framework/src/Illuminate/Routing/Router.php(670): Illuminate\Routing\Router->runRouteWithinStack(Object(Illuminate\Routing\Route), Object(Illuminate\Http\Request))
#21 /var/www/html/quickmerch/vendor/laravel/framework/src/Illuminate/Routing/Router.php(628): Illuminate\Routing\Router->dispatchToRoute(Object(Illuminate\Http\Request))
#22 /var/www/html/quickmerch/vendor/laravel/framework/src/Illuminate/Foundation/Http/Kernel.php(214): Illuminate\Routing\Router->dispatch(Object(Illuminate\Http\Request))
#23 [internal function]: Illuminate\Foundation\Http\Kernel->Illuminate\Foundation\Http\{closure}(Object(Illuminate\Http\Request))
#24 /var/www/html/quickmerch/vendor/laravel/framework/src/Illuminate/Pipeline/Pipeline.php(141): call_user_func(Object(Closure), Object(Illuminate\Http\Request))
#25 /var/www/html/quickmerch/vendor/laravel/framework/src/Illuminate/View/Middleware/ShareErrorsFromSession.php(55): Illuminate\Pipeline\Pipeline->Illuminate\Pipeline\{closure}(Object(Illuminate\Http\Request))
#26 /var/www/html/quickmerch/vendor/laravel/framework/src/Illuminate/Pipeline/Pipeline.php(125): Illuminate\View\Middleware\ShareErrorsFromSession->handle(Object(Illuminate\Http\Request), Object(Closure))
#27 /var/www/html/quickmerch/vendor/laravel/framework/src/Illuminate/Session/Middleware/StartSession.php(61): Illuminate\Pipeline\Pipeline->Illuminate\Pipeline\{closure}(Object(Illuminate\Http\Request))
#28 /var/www/html/quickmerch/vendor/laravel/framework/src/Illuminate/Pipeline/Pipeline.php(125): Illuminate\Session\Middleware\StartSession->handle(Object(Illuminate\Http\Request), Object(Closure))
#29 /var/www/html/quickmerch/vendor/laravel/framework/src/Illuminate/Cookie/Middleware/AddQueuedCookiesToResponse.php(36): Illuminate\Pipeline\Pipeline->Illuminate\Pipeline\{closure}(Object(Illuminate\Http\Request))
#30 /var/www/html/quickmerch/vendor/laravel/framework/src/Illuminate/Pipeline/Pipeline.php(125): Illuminate\Cookie\Middleware\AddQueuedCookiesToResponse->handle(Object(Illuminate\Http\Request), Object(Closure))
#31 /var/www/html/quickmerch/vendor/laravel/framework/src/Illuminate/Cookie/Middleware/EncryptCookies.php(40): Illuminate\Pipeline\Pipeline->Illuminate\Pipeline\{closure}(Object(Illuminate\Http\Request))
#32 /var/www/html/quickmerch/vendor/laravel/framework/src/Illuminate/Pipeline/Pipeline.php(125): Illuminate\Cookie\Middleware\EncryptCookies->handle(Object(Illuminate\Http\Request), Object(Closure))
#33 /var/www/html/quickmerch/vendor/laravel/framework/src/Illuminate/Foundation/Http/Middleware/CheckForMaintenanceMode.php(42): Illuminate\Pipeline\Pipeline->Illuminate\Pipeline\{closure}(Object(Illuminate\Http\Request))
#34 /var/www/html/quickmerch/vendor/laravel/framework/src/Illuminate/Pipeline/Pipeline.php(125): Illuminate\Foundation\Http\Middleware\CheckForMaintenanceMode->handle(Object(Illuminate\Http\Request), Object(Closure))
#35 [internal function]: Illuminate\Pipeline\Pipeline->Illuminate\Pipeline\{closure}(Object(Illuminate\Http\Request))
#36 /var/www/html/quickmerch/vendor/laravel/framework/src/Illuminate/Pipeline/Pipeline.php(101): call_user_func(Object(Closure), Object(Illuminate\Http\Request))
#37 /var/www/html/quickmerch/vendor/laravel/framework/src/Illuminate/Foundation/Http/Kernel.php(115): Illuminate\Pipeline\Pipeline->then(Object(Closure))
#38 /var/www/html/quickmerch/vendor/laravel/framework/src/Illuminate/Foundation/Http/Kernel.php(84): Illuminate\Foundation\Http\Kernel->sendRequestThroughRouter(Object(Illuminate\Http\Request))
#39 /var/www/html/quickmerch/public/index.php(54): Illuminate\Foundation\Http\Kernel->handle(Object(Illuminate\Http\Request))
#40 {main}  
[2016-10-04 08:16:00] local.ERROR: exception 'ErrorException' with message 'opendir(/var/www/html/quickmerch/publicthemes/default/html/css): failed to open dir: No such file or directory' in /var/www/html/quickmerch/app/Http/Services/BackendCommonService.php:184
Stack trace:
#0 [internal function]: Illuminate\Foundation\Bootstrap\HandleExceptions->handleError(2, 'opendir(/var/ww...', '/var/www/html/q...', 184, Array)
#1 /var/www/html/quickmerch/app/Http/Services/BackendCommonService.php(184): opendir('/var/www/html/q...')
#2 /var/www/html/quickmerch/app/Http/Services/BackendCommonService.php(179): App\Http\Services\BackendCommonService->recurse_copy('/var/www/html/q...', '/var/www/html/q...')
#3 /var/www/html/quickmerch/app/Console/Commands/AssignTheme.php(56): App\Http\Services\BackendCommonService->moveThemeToStore('1', '42')
#4 [internal function]: App\Console\Commands\AssignTheme->fire()
#5 /var/www/html/quickmerch/vendor/laravel/framework/src/Illuminate/Container/Container.php(526): call_user_func_array(Array, Array)
#6 /var/www/html/quickmerch/vendor/laravel/framework/src/Illuminate/Console/Command.php(115): Illuminate\Container\Container->call(Array)
#7 /var/www/html/quickmerch/vendor/symfony/console/Symfony/Component/Console/Command/Command.php(257): Illuminate\Console\Command->execute(Object(Symfony\Component\Console\Input\ArrayInput), Object(Symfony\Component\Console\Output\BufferedOutput))
#8 /var/www/html/quickmerch/vendor/laravel/framework/src/Illuminate/Console/Command.php(101): Symfony\Component\Console\Command\Command->run(Object(Symfony\Component\Console\Input\ArrayInput), Object(Symfony\Component\Console\Output\BufferedOutput))
#9 /var/www/html/quickmerch/vendor/laravel/framework/src/Illuminate/Console/Application.php(60): Illuminate\Console\Command->run(Object(Symfony\Component\Console\Input\ArrayInput), Object(Symfony\Component\Console\Output\BufferedOutput))
#10 /var/www/html/quickmerch/vendor/laravel/framework/src/Illuminate/Foundation/Console/Kernel.php(145): Illuminate\Console\Application->call('theme:assign', Array)
#11 /var/www/html/quickmerch/vendor/laravel/framework/src/Illuminate/Support/Facades/Facade.php(213): Illuminate\Foundation\Console\Kernel->call('theme:assign', Array)
#12 /var/www/html/quickmerch/app/Http/Controllers/AuthController.php(280): Illuminate\Support\Facades\Facade::__callStatic('call', Array)
#13 /var/www/html/quickmerch/app/Http/Controllers/AuthController.php(280): Illuminate\Support\Facades\Artisan::call('theme:assign', Array)
#14 [internal function]: App\Http\Controllers\AuthController->saveaccount(Object(App\Http\Requests\AccountSetupRequest), Object(App\Http\Services\UserRegistrationService))
#15 /var/www/html/quickmerch/vendor/laravel/framework/src/Illuminate/Routing/Controller.php(246): call_user_func_array(Array, Array)
#16 /var/www/html/quickmerch/vendor/laravel/framework/src/Illuminate/Routing/ControllerDispatcher.php(162): Illuminate\Routing\Controller->callAction('saveaccount', Array)
#17 /var/www/html/quickmerch/vendor/laravel/framework/src/Illuminate/Routing/ControllerDispatcher.php(107): Illuminate\Routing\ControllerDispatcher->call(Object(App\Http\Controllers\AuthController), Object(Illuminate\Routing\Route), 'saveaccount')
#18 [internal function]: Illuminate\Routing\ControllerDispatcher->Illuminate\Routing\{closure}(Object(Illuminate\Http\Request))
#19 /var/www/html/quickmerch/vendor/laravel/framework/src/Illuminate/Pipeline/Pipeline.php(141): call_user_func(Object(Closure), Object(Illuminate\Http\Request))
#20 [internal function]: Illuminate\Pipeline\Pipeline->Illuminate\Pipeline\{closure}(Object(Illuminate\Http\Request))
#21 /var/www/html/quickmerch/vendor/laravel/framework/src/Illuminate/Pipeline/Pipeline.php(101): call_user_func(Object(Closure), Object(Illuminate\Http\Request))
#22 /var/www/html/quickmerch/vendor/laravel/framework/src/Illuminate/Routing/ControllerDispatcher.php(108): Illuminate\Pipeline\Pipeline->then(Object(Closure))
#23 /var/www/html/quickmerch/vendor/laravel/framework/src/Illuminate/Routing/ControllerDispatcher.php(67): Illuminate\Routing\ControllerDispatcher->callWithinStack(Object(App\Http\Controllers\AuthController), Object(Illuminate\Routing\Route), Object(Illuminate\Http\Request), 'saveaccount')
#24 /var/www/html/quickmerch/vendor/laravel/framework/src/Illuminate/Routing/Route.php(204): Illuminate\Routing\ControllerDispatcher->dispatch(Object(Illuminate\Routing\Route), Object(Illuminate\Http\Request), 'App\Http\Contro...', 'saveaccount')
#25 /var/www/html/quickmerch/vendor/laravel/framework/src/Illuminate/Routing/Route.php(134): Illuminate\Routing\Route->runWithCustomDispatcher(Object(Illuminate\Http\Request))
#26 /var/www/html/quickmerch/vendor/laravel/framework/src/Illuminate/Routing/Router.php(701): Illuminate\Routing\Route->run(Object(Illuminate\Http\Request))
#27 [internal function]: Illuminate\Routing\Router->Illuminate\Routing\{closure}(Object(Illuminate\Http\Request))
#28 /var/www/html/quickmerch/vendor/laravel/framework/src/Illuminate/Pipeline/Pipeline.php(141): call_user_func(Object(Closure), Object(Illuminate\Http\Request))
#29 [internal function]: Illuminate\Pipeline\Pipeline->Illuminate\Pipeline\{closure}(Object(Illuminate\Http\Request))
#30 /var/www/html/quickmerch/vendor/laravel/framework/src/Illuminate/Pipeline/Pipeline.php(101): call_user_func(Object(Closure), Object(Illuminate\Http\Request))
#31 /var/www/html/quickmerch/vendor/laravel/framework/src/Illuminate/Routing/Router.php(703): Illuminate\Pipeline\Pipeline->then(Object(Closure))
#32 /var/www/html/quickmerch/vendor/laravel/framework/src/Illuminate/Routing/Router.php(670): Illuminate\Routing\Router->runRouteWithinStack(Object(Illuminate\Routing\Route), Object(Illuminate\Http\Request))
#33 /var/www/html/quickmerch/vendor/laravel/framework/src/Illuminate/Routing/Router.php(628): Illuminate\Routing\Router->dispatchToRoute(Object(Illuminate\Http\Request))
#34 /var/www/html/quickmerch/vendor/laravel/framework/src/Illuminate/Foundation/Http/Kernel.php(214): Illuminate\Routing\Router->dispatch(Object(Illuminate\Http\Request))
#35 [internal function]: Illuminate\Foundation\Http\Kernel->Illuminate\Foundation\Http\{closure}(Object(Illuminate\Http\Request))
#36 /var/www/html/quickmerch/vendor/laravel/framework/src/Illuminate/Pipeline/Pipeline.php(141): call_user_func(Object(Closure), Object(Illuminate\Http\Request))
#37 /var/www/html/quickmerch/vendor/laravel/framework/src/Illuminate/View/Middleware/ShareErrorsFromSession.php(55): Illuminate\Pipeline\Pipeline->Illuminate\Pipeline\{closure}(Object(Illuminate\Http\Request))
#38 /var/www/html/quickmerch/vendor/laravel/framework/src/Illuminate/Pipeline/Pipeline.php(125): Illuminate\View\Middleware\ShareErrorsFromSession->handle(Object(Illuminate\Http\Request), Object(Closure))
#39 /var/www/html/quickmerch/vendor/laravel/framework/src/Illuminate/Session/Middleware/StartSession.php(61): Illuminate\Pipeline\Pipeline->Illuminate\Pipeline\{closure}(Object(Illuminate\Http\Request))
#40 /var/www/html/quickmerch/vendor/laravel/framework/src/Illuminate/Pipeline/Pipeline.php(125): Illuminate\Session\Middleware\StartSession->handle(Object(Illuminate\Http\Request), Object(Closure))
#41 /var/www/html/quickmerch/vendor/laravel/framework/src/Illuminate/Cookie/Middleware/AddQueuedCookiesToResponse.php(36): Illuminate\Pipeline\Pipeline->Illuminate\Pipeline\{closure}(Object(Illuminate\Http\Request))
#42 /var/www/html/quickmerch/vendor/laravel/framework/src/Illuminate/Pipeline/Pipeline.php(125): Illuminate\Cookie\Middleware\AddQueuedCookiesToResponse->handle(Object(Illuminate\Http\Request), Object(Closure))
#43 /var/www/html/quickmerch/vendor/laravel/framework/src/Illuminate/Cookie/Middleware/EncryptCookies.php(40): Illuminate\Pipeline\Pipeline->Illuminate\Pipeline\{closure}(Object(Illuminate\Http\Request))
#44 /var/www/html/quickmerch/vendor/laravel/framework/src/Illuminate/Pipeline/Pipeline.php(125): Illuminate\Cookie\Middleware\EncryptCookies->handle(Object(Illuminate\Http\Request), Object(Closure))
#45 /var/www/html/quickmerch/vendor/laravel/framework/src/Illuminate/Foundation/Http/Middleware/CheckForMaintenanceMode.php(42): Illuminate\Pipeline\Pipeline->Illuminate\Pipeline\{closure}(Object(Illuminate\Http\Request))
#46 /var/www/html/quickmerch/vendor/laravel/framework/src/Illuminate/Pipeline/Pipeline.php(125): Illuminate\Foundation\Http\Middleware\CheckForMaintenanceMode->handle(Object(Illuminate\Http\Request), Object(Closure))
#47 [internal function]: Illuminate\Pipeline\Pipeline->Illuminate\Pipeline\{closure}(Object(Illuminate\Http\Request))
#48 /var/www/html/quickmerch/vendor/laravel/framework/src/Illuminate/Pipeline/Pipeline.php(101): call_user_func(Object(Closure), Object(Illuminate\Http\Request))
#49 /var/www/html/quickmerch/vendor/laravel/framework/src/Illuminate/Foundation/Http/Kernel.php(115): Illuminate\Pipeline\Pipeline->then(Object(Closure))
#50 /var/www/html/quickmerch/vendor/laravel/framework/src/Illuminate/Foundation/Http/Kernel.php(84): Illuminate\Foundation\Http\Kernel->sendRequestThroughRouter(Object(Illuminate\Http\Request))
#51 /var/www/html/quickmerch/public/index.php(54): Illuminate\Foundation\Http\Kernel->handle(Object(Illuminate\Http\Request))
#52 {main}  
[2016-10-04 08:23:27] local.ERROR: exception 'ErrorException' with message 'Trying to get property of non-object' in /var/www/html/quickmerch/app/Http/Services/UserRegistrationService.php:99
Stack trace:
#0 /var/www/html/quickmerch/app/Http/Services/UserRegistrationService.php(99): Illuminate\Foundation\Bootstrap\HandleExceptions->handleError(8, 'Trying to get p...', '/var/www/html/q...', 99, Array)
#1 /var/www/html/quickmerch/app/Http/Controllers/AuthController.php(267): App\Http\Services\UserRegistrationService->update(Array)
#2 [internal function]: App\Http\Controllers\AuthController->saveaccount(Object(App\Http\Requests\AccountSetupRequest), Object(App\Http\Services\UserRegistrationService))
#3 /var/www/html/quickmerch/vendor/laravel/framework/src/Illuminate/Routing/Controller.php(246): call_user_func_array(Array, Array)
#4 /var/www/html/quickmerch/vendor/laravel/framework/src/Illuminate/Routing/ControllerDispatcher.php(162): Illuminate\Routing\Controller->callAction('saveaccount', Array)
#5 /var/www/html/quickmerch/vendor/laravel/framework/src/Illuminate/Routing/ControllerDispatcher.php(107): Illuminate\Routing\ControllerDispatcher->call(Object(App\Http\Controllers\AuthController), Object(Illuminate\Routing\Route), 'saveaccount')
#6 [internal function]: Illuminate\Routing\ControllerDispatcher->Illuminate\Routing\{closure}(Object(Illuminate\Http\Request))
#7 /var/www/html/quickmerch/vendor/laravel/framework/src/Illuminate/Pipeline/Pipeline.php(141): call_user_func(Object(Closure), Object(Illuminate\Http\Request))
#8 [internal function]: Illuminate\Pipeline\Pipeline->Illuminate\Pipeline\{closure}(Object(Illuminate\Http\Request))
#9 /var/www/html/quickmerch/vendor/laravel/framework/src/Illuminate/Pipeline/Pipeline.php(101): call_user_func(Object(Closure), Object(Illuminate\Http\Request))
#10 /var/www/html/quickmerch/vendor/laravel/framework/src/Illuminate/Routing/ControllerDispatcher.php(108): Illuminate\Pipeline\Pipeline->then(Object(Closure))
#11 /var/www/html/quickmerch/vendor/laravel/framework/src/Illuminate/Routing/ControllerDispatcher.php(67): Illuminate\Routing\ControllerDispatcher->callWithinStack(Object(App\Http\Controllers\AuthController), Object(Illuminate\Routing\Route), Object(Illuminate\Http\Request), 'saveaccount')
#12 /var/www/html/quickmerch/vendor/laravel/framework/src/Illuminate/Routing/Route.php(204): Illuminate\Routing\ControllerDispatcher->dispatch(Object(Illuminate\Routing\Route), Object(Illuminate\Http\Request), 'App\Http\Contro...', 'saveaccount')
#13 /var/www/html/quickmerch/vendor/laravel/framework/src/Illuminate/Routing/Route.php(134): Illuminate\Routing\Route->runWithCustomDispatcher(Object(Illuminate\Http\Request))
#14 /var/www/html/quickmerch/vendor/laravel/framework/src/Illuminate/Routing/Router.php(701): Illuminate\Routing\Route->run(Object(Illuminate\Http\Request))
#15 [internal function]: Illuminate\Routing\Router->Illuminate\Routing\{closure}(Object(Illuminate\Http\Request))
#16 /var/www/html/quickmerch/vendor/laravel/framework/src/Illuminate/Pipeline/Pipeline.php(141): call_user_func(Object(Closure), Object(Illuminate\Http\Request))
#17 [internal function]: Illuminate\Pipeline\Pipeline->Illuminate\Pipeline\{closure}(Object(Illuminate\Http\Request))
#18 /var/www/html/quickmerch/vendor/laravel/framework/src/Illuminate/Pipeline/Pipeline.php(101): call_user_func(Object(Closure), Object(Illuminate\Http\Request))
#19 /var/www/html/quickmerch/vendor/laravel/framework/src/Illuminate/Routing/Router.php(703): Illuminate\Pipeline\Pipeline->then(Object(Closure))
#20 /var/www/html/quickmerch/vendor/laravel/framework/src/Illuminate/Routing/Router.php(670): Illuminate\Routing\Router->runRouteWithinStack(Object(Illuminate\Routing\Route), Object(Illuminate\Http\Request))
#21 /var/www/html/quickmerch/vendor/laravel/framework/src/Illuminate/Routing/Router.php(628): Illuminate\Routing\Router->dispatchToRoute(Object(Illuminate\Http\Request))
#22 /var/www/html/quickmerch/vendor/laravel/framework/src/Illuminate/Foundation/Http/Kernel.php(214): Illuminate\Routing\Router->dispatch(Object(Illuminate\Http\Request))
#23 [internal function]: Illuminate\Foundation\Http\Kernel->Illuminate\Foundation\Http\{closure}(Object(Illuminate\Http\Request))
#24 /var/www/html/quickmerch/vendor/laravel/framework/src/Illuminate/Pipeline/Pipeline.php(141): call_user_func(Object(Closure), Object(Illuminate\Http\Request))
#25 /var/www/html/quickmerch/vendor/laravel/framework/src/Illuminate/View/Middleware/ShareErrorsFromSession.php(55): Illuminate\Pipeline\Pipeline->Illuminate\Pipeline\{closure}(Object(Illuminate\Http\Request))
#26 /var/www/html/quickmerch/vendor/laravel/framework/src/Illuminate/Pipeline/Pipeline.php(125): Illuminate\View\Middleware\ShareErrorsFromSession->handle(Object(Illuminate\Http\Request), Object(Closure))
#27 /var/www/html/quickmerch/vendor/laravel/framework/src/Illuminate/Session/Middleware/StartSession.php(61): Illuminate\Pipeline\Pipeline->Illuminate\Pipeline\{closure}(Object(Illuminate\Http\Request))
#28 /var/www/html/quickmerch/vendor/laravel/framework/src/Illuminate/Pipeline/Pipeline.php(125): Illuminate\Session\Middleware\StartSession->handle(Object(Illuminate\Http\Request), Object(Closure))
#29 /var/www/html/quickmerch/vendor/laravel/framework/src/Illuminate/Cookie/Middleware/AddQueuedCookiesToResponse.php(36): Illuminate\Pipeline\Pipeline->Illuminate\Pipeline\{closure}(Object(Illuminate\Http\Request))
#30 /var/www/html/quickmerch/vendor/laravel/framework/src/Illuminate/Pipeline/Pipeline.php(125): Illuminate\Cookie\Middleware\AddQueuedCookiesToResponse->handle(Object(Illuminate\Http\Request), Object(Closure))
#31 /var/www/html/quickmerch/vendor/laravel/framework/src/Illuminate/Cookie/Middleware/EncryptCookies.php(40): Illuminate\Pipeline\Pipeline->Illuminate\Pipeline\{closure}(Object(Illuminate\Http\Request))
#32 /var/www/html/quickmerch/vendor/laravel/framework/src/Illuminate/Pipeline/Pipeline.php(125): Illuminate\Cookie\Middleware\EncryptCookies->handle(Object(Illuminate\Http\Request), Object(Closure))
#33 /var/www/html/quickmerch/vendor/laravel/framework/src/Illuminate/Foundation/Http/Middleware/CheckForMaintenanceMode.php(42): Illuminate\Pipeline\Pipeline->Illuminate\Pipeline\{closure}(Object(Illuminate\Http\Request))
#34 /var/www/html/quickmerch/vendor/laravel/framework/src/Illuminate/Pipeline/Pipeline.php(125): Illuminate\Foundation\Http\Middleware\CheckForMaintenanceMode->handle(Object(Illuminate\Http\Request), Object(Closure))
#35 [internal function]: Illuminate\Pipeline\Pipeline->Illuminate\Pipeline\{closure}(Object(Illuminate\Http\Request))
#36 /var/www/html/quickmerch/vendor/laravel/framework/src/Illuminate/Pipeline/Pipeline.php(101): call_user_func(Object(Closure), Object(Illuminate\Http\Request))
#37 /var/www/html/quickmerch/vendor/laravel/framework/src/Illuminate/Foundation/Http/Kernel.php(115): Illuminate\Pipeline\Pipeline->then(Object(Closure))
#38 /var/www/html/quickmerch/vendor/laravel/framework/src/Illuminate/Foundation/Http/Kernel.php(84): Illuminate\Foundation\Http\Kernel->sendRequestThroughRouter(Object(Illuminate\Http\Request))
#39 /var/www/html/quickmerch/public/index.php(54): Illuminate\Foundation\Http\Kernel->handle(Object(Illuminate\Http\Request))
#40 {main}  
